Using pre-set license
Built from '2020.3/staging' branch; Version is '2020.3.3f1 (76626098c1c4) revision 7758432'; Using compiler version '192528614'; Build Type 'Release'
OS: 'Windows 10 Home; OS build 19042.1237; Version 2009; 64bit' Language: 'ja' Physical Memory: 32625 MB
BatchMode: 1, IsHumanControllingUs: 0, StartBugReporterOnCrash: 0, Is64bit: 1, IsPro: 0

 COMMAND LINE ARGUMENTS:
C:\Program Files\Unity\Hub\Editor\2020.3.3f1\Editor\Unity.exe
-adb2
-batchMode
-noUpm
-name
AssetImportWorker0
-projectPath
D:/Github/Let-sPlayBoccia/Let-sPlayBoccia
-logFile
Logs/AssetImportWorker0.log
-srvPort
56795
Successfully changed project path to: D:/Github/Let-sPlayBoccia/Let-sPlayBoccia
D:/Github/Let-sPlayBoccia/Let-sPlayBoccia
Using Asset Import Pipeline V2.
Refreshing native plugins compatible for Editor in 20.43 ms, found 0 plugins.
Preloading 0 native plugins for Editor in 0.00 ms.
Initialize engine version: 2020.3.3f1 (76626098c1c4)
[Subsystems] Discovering subsystems at path C:/Program Files/Unity/Hub/Editor/2020.3.3f1/Editor/Data/Resources/UnitySubsystems
[Subsystems] Discovering subsystems at path D:/Github/Let-sPlayBoccia/Let-sPlayBoccia/Assets
GfxDevice: creating device client; threaded=0
Direct3D:
    Version:  Direct3D 11.0 [level 11.1]
    Renderer: NVIDIA GeForce GTX 1650 (ID=0x1f91)
    Vendor:   
    VRAM:     3962 MB
    Driver:   27.21.14.6242
Initialize mono
Mono path[0] = 'C:/Program Files/Unity/Hub/Editor/2020.3.3f1/Editor/Data/Managed'
Mono path[1] = 'C:/Program Files/Unity/Hub/Editor/2020.3.3f1/Editor/Data/MonoBleedingEdge/lib/mono/unityjit'
Mono config path = 'C:/Program Files/Unity/Hub/Editor/2020.3.3f1/Editor/Data/MonoBleedingEdge/etc'
Using monoOptions --debugger-agent=transport=dt_socket,embedding=1,server=y,suspend=n,address=127.0.0.1:56692
Begin MonoManager ReloadAssembly
Registering precompiled unity dll's ...
Register platform support module: C:/Program Files/Unity/Hub/Editor/2020.3.3f1/Editor/Data/PlaybackEngines/WindowsStandaloneSupport/UnityEditor.WindowsStandalone.Extensions.dll
Registered in 0.002115 seconds.
Native extension for WindowsStandalone target not found
Refreshing native plugins compatible for Editor in 20.67 ms, found 0 plugins.
Preloading 0 native plugins for Editor in 0.00 ms.
Invoked RoslynAnalysisRunner static constructor.
RoslynAnalysisRunner will not be running.
RoslynAnalysisRunner has terminated.
Mono: successfully reloaded assembly
- Completed reload, in  0.940 seconds
Platform modules already initialized, skipping
Registering precompiled user dll's ...
Registered in 0.000523 seconds.
Begin MonoManager ReloadAssembly
Native extension for WindowsStandalone target not found
Refreshing native plugins compatible for Editor in 0.18 ms, found 0 plugins.
Preloading 0 native plugins for Editor in 0.00 ms.
Invoked RoslynAnalysisRunner static constructor.
RoslynAnalysisRunner will not be running.
RoslynAnalysisRunner has terminated.
Mono: successfully reloaded assembly
- Completed reload, in  0.719 seconds
Platform modules already initialized, skipping
========================================================================
Worker process is ready to serve import requests
Launched and connected shader compiler UnityShaderCompiler.exe after 0.05 seconds
Refreshing native plugins compatible for Editor in 0.18 ms, found 0 plugins.
Preloading 0 native plugins for Editor in 0.00 ms.
Unloading 1115 Unused Serialized files (Serialized files now loaded: 0)
System memory in use before: 59.8 MB.
System memory in use after: 59.9 MB.

Unloading 10 unused Assets to reduce memory usage. Loaded Objects now: 1557.
Total: 1.627300 ms (FindLiveObjects: 0.173900 ms CreateObjectMapping: 0.040000 ms MarkObjects: 1.345800 ms  DeleteObjects: 0.066100 ms)

========================================================================
Received Import Request.
  path: Assets/Scenes
  artifactKey: Guid(c0d70ce22d893d641a19fa347d42254c) Importer(815301076,1909f56bfc062723c751e8b465ee728b)
Start importing Assets/Scenes using Guid(c0d70ce22d893d641a19fa347d42254c) Importer(815301076,1909f56bfc062723c751e8b465ee728b)  -> (artifact id: 'b264408ed6f64bba8424c396da7dfad9') in 0.002838 seconds
  Import took 0.004308 seconds .

========================================================================
Received Import Request.
  Time since last request: 1.810380 seconds.
  path: Assets/Scenes/SampleScene.unity
  artifactKey: Guid(9fc0d4010bbf28b4594072e72b8655ab) Importer(815301076,1909f56bfc062723c751e8b465ee728b)
Start importing Assets/Scenes/SampleScene.unity using Guid(9fc0d4010bbf28b4594072e72b8655ab) Importer(815301076,1909f56bfc062723c751e8b465ee728b)  -> (artifact id: 'f5c2f2c2a1bc51d97acb4e2643276eeb') in 0.097955 seconds
  Import took 0.099566 seconds .

========================================================================
Received Import Request.
  Time since last request: 10.301178 seconds.
  path: Assets/Scenes/GameMain.unity
  artifactKey: Guid(9fc0d4010bbf28b4594072e72b8655ab) Importer(815301076,1909f56bfc062723c751e8b465ee728b)
Start importing Assets/Scenes/GameMain.unity using Guid(9fc0d4010bbf28b4594072e72b8655ab) Importer(815301076,1909f56bfc062723c751e8b465ee728b)  -> (artifact id: 'a4e3bf4bea3102435a91c0ac3feb356b') in 0.001481 seconds
  Import took 0.003053 seconds .

========================================================================
Received Import Request.
  Time since last request: 28.074536 seconds.
  path: Assets
  artifactKey: Guid(00000000000000001000000000000000) Importer(815301076,1909f56bfc062723c751e8b465ee728b)
Start importing Assets using Guid(00000000000000001000000000000000) Importer(815301076,1909f56bfc062723c751e8b465ee728b)  -> (artifact id: 'b2e0e235c0f4af3754229b664788db90') in 0.001684 seconds
  Import took 0.003457 seconds .

========================================================================
Received Import Request.
  Time since last request: 252.277342 seconds.
  path: Assets/Materials
  artifactKey: Guid(d35632cf1ffcba94e82bd4e29c54345a) Importer(815301076,1909f56bfc062723c751e8b465ee728b)
Start importing Assets/Materials using Guid(d35632cf1ffcba94e82bd4e29c54345a) Importer(815301076,1909f56bfc062723c751e8b465ee728b)  -> (artifact id: '40020247c83fa17ba95bd1c5cd7666e0') in 0.093461 seconds
  Import took 0.095757 seconds .

========================================================================
Received Import Request.
  Time since last request: 26.510050 seconds.
  path: Assets/Materials/New Material.mat
  artifactKey: Guid(5bde9bcc708d1634190b80ab4a99f14a) Importer(815301076,1909f56bfc062723c751e8b465ee728b)
Start importing Assets/Materials/New Material.mat using Guid(5bde9bcc708d1634190b80ab4a99f14a) Importer(815301076,1909f56bfc062723c751e8b465ee728b)  -> (artifact id: '4cdcded8bc49f0349fcaf2fd7cc2f585') in 0.101697 seconds
  Import took 0.103734 seconds .

========================================================================
Received Import Request.
  Time since last request: 46.368699 seconds.
  path: Assets/Materials/M_groundPlane.mat
  artifactKey: Guid(5bde9bcc708d1634190b80ab4a99f14a) Importer(815301076,1909f56bfc062723c751e8b465ee728b)
Start importing Assets/Materials/M_groundPlane.mat using Guid(5bde9bcc708d1634190b80ab4a99f14a) Importer(815301076,1909f56bfc062723c751e8b465ee728b)  -> (artifact id: 'a264aacb9b2a5d0bdf092d9ef0ada8e8') in 0.357632 seconds
  Import took 0.359897 seconds .

========================================================================
Received Import Request.
  Time since last request: 34.353288 seconds.
  path: Assets/Prefabs
  artifactKey: Guid(fa1e2e662879c384c92b6e656fe8c349) Importer(815301076,1909f56bfc062723c751e8b465ee728b)
Start importing Assets/Prefabs using Guid(fa1e2e662879c384c92b6e656fe8c349) Importer(815301076,1909f56bfc062723c751e8b465ee728b)  -> (artifact id: '92838bbd573192d48752f5d7fae6e075') in 0.001722 seconds
  Import took 0.003733 seconds .

========================================================================
Received Import Request.
  Time since last request: 3.709097 seconds.
  path: Assets/Prefabs/GroundPlane.prefab
  artifactKey: Guid(6d9122c43ec31bf4e947e1f223f9eecd) Importer(815301076,1909f56bfc062723c751e8b465ee728b)
Start importing Assets/Prefabs/GroundPlane.prefab using Guid(6d9122c43ec31bf4e947e1f223f9eecd) Importer(815301076,1909f56bfc062723c751e8b465ee728b)  -> (artifact id: '09c23979137b308e1c11cda1febfbbf0') in 0.017736 seconds
  Import took 0.019718 seconds .

========================================================================
Received Import Request.
  Time since last request: 0.019283 seconds.
  path: Assets/Prefabs/GroundPlane.prefab
  artifactKey: Guid(6d9122c43ec31bf4e947e1f223f9eecd) Importer(815301076,1909f56bfc062723c751e8b465ee728b)
Start importing Assets/Prefabs/GroundPlane.prefab using Guid(6d9122c43ec31bf4e947e1f223f9eecd) Importer(815301076,1909f56bfc062723c751e8b465ee728b)  -> (artifact id: '09c23979137b308e1c11cda1febfbbf0') in 0.006994 seconds
  Import took 0.008999 seconds .

========================================================================
Received Import Request.
  Time since last request: 164.434960 seconds.
  path: Assets/Scripts
  artifactKey: Guid(cdf2beb96068e5e478c810945d4e81bb) Importer(815301076,1909f56bfc062723c751e8b465ee728b)
Start importing Assets/Scripts using Guid(cdf2beb96068e5e478c810945d4e81bb) Importer(815301076,1909f56bfc062723c751e8b465ee728b)  -> (artifact id: '8fd9c70071fb4d8cd8374b0e655954be') in 0.001814 seconds
  Import took 0.003949 seconds .

========================================================================
Received Import Request.
  Time since last request: 11.085464 seconds.
  path: Assets/Scripts/BallBase.cs
  artifactKey: Guid(681d4bad43249474ca99ac8c0bda9372) Importer(815301076,1909f56bfc062723c751e8b465ee728b)
Start importing Assets/Scripts/BallBase.cs using Guid(681d4bad43249474ca99ac8c0bda9372) Importer(815301076,1909f56bfc062723c751e8b465ee728b)  -> (artifact id: '147fed42057e763aeb194f717b977ab4') in 0.004772 seconds
  Import took 0.006902 seconds .

========================================================================
Received Prepare
Registering precompiled user dll's ...
Registered in 0.000429 seconds.
Begin MonoManager ReloadAssembly
Native extension for WindowsStandalone target not found
Refreshing native plugins compatible for Editor in 0.18 ms, found 0 plugins.
Preloading 0 native plugins for Editor in 0.00 ms.
Invoked RoslynAnalysisRunner static constructor.
RoslynAnalysisRunner will not be running.
RoslynAnalysisRunner has terminated.
Mono: successfully reloaded assembly
- Completed reload, in  0.698 seconds
Platform modules already initialized, skipping
Refreshing native plugins compatible for Editor in 0.18 ms, found 0 plugins.
Preloading 0 native plugins for Editor in 0.00 ms.
Unloading 1111 Unused Serialized files (Serialized files now loaded: 0)
System memory in use before: 63.1 MB.
System memory in use after: 63.2 MB.

Unloading 5 unused Assets to reduce memory usage. Loaded Objects now: 1602.
Total: 1.623500 ms (FindLiveObjects: 0.120800 ms CreateObjectMapping: 0.030800 ms MarkObjects: 1.426700 ms  DeleteObjects: 0.044300 ms)

========================================================================
Received Import Request.
  Time since last request: 340.440115 seconds.
  path: Assets/Scripts/GameBall.cs
  artifactKey: Guid(1ed807d3d0e1670499334bc44df4bf3f) Importer(815301076,1909f56bfc062723c751e8b465ee728b)
Start importing Assets/Scripts/GameBall.cs using Guid(1ed807d3d0e1670499334bc44df4bf3f) Importer(815301076,1909f56bfc062723c751e8b465ee728b)  -> (artifact id: 'b10f2b32db118af4b81d06974ea5993e') in 0.004687 seconds
  Import took 0.007002 seconds .

========================================================================
Received Prepare
Registering precompiled user dll's ...
Registered in 0.000445 seconds.
Begin MonoManager ReloadAssembly
Native extension for WindowsStandalone target not found
Refreshing native plugins compatible for Editor in 0.22 ms, found 0 plugins.
Preloading 0 native plugins for Editor in 0.00 ms.
Invoked RoslynAnalysisRunner static constructor.
RoslynAnalysisRunner will not be running.
RoslynAnalysisRunner has terminated.
Mono: successfully reloaded assembly
- Completed reload, in  0.766 seconds
Platform modules already initialized, skipping
Refreshing native plugins compatible for Editor in 0.19 ms, found 0 plugins.
Preloading 0 native plugins for Editor in 0.00 ms.
Unloading 1112 Unused Serialized files (Serialized files now loaded: 0)
System memory in use before: 63.2 MB.
System memory in use after: 63.3 MB.

Unloading 5 unused Assets to reduce memory usage. Loaded Objects now: 1606.
Total: 1.690600 ms (FindLiveObjects: 0.164700 ms CreateObjectMapping: 0.052400 ms MarkObjects: 1.426500 ms  DeleteObjects: 0.045700 ms)

========================================================================
Received Prepare
Registering precompiled user dll's ...
Registered in 0.000552 seconds.
Begin MonoManager ReloadAssembly
Native extension for WindowsStandalone target not found
Refreshing native plugins compatible for Editor in 0.18 ms, found 0 plugins.
Preloading 0 native plugins for Editor in 0.00 ms.
Invoked RoslynAnalysisRunner static constructor.
RoslynAnalysisRunner will not be running.
RoslynAnalysisRunner has terminated.
Mono: successfully reloaded assembly
- Completed reload, in  0.712 seconds
Platform modules already initialized, skipping
Refreshing native plugins compatible for Editor in 0.18 ms, found 0 plugins.
Preloading 0 native plugins for Editor in 0.00 ms.
Unloading 1112 Unused Serialized files (Serialized files now loaded: 0)
System memory in use before: 63.2 MB.
System memory in use after: 63.3 MB.

Unloading 5 unused Assets to reduce memory usage. Loaded Objects now: 1609.
Total: 1.609800 ms (FindLiveObjects: 0.127400 ms CreateObjectMapping: 0.026300 ms MarkObjects: 1.416000 ms  DeleteObjects: 0.039100 ms)

========================================================================
Received Import Request.
  Time since last request: 35.989351 seconds.
  path: Assets/Scripts/GameBall.cs
  artifactKey: Guid(1ed807d3d0e1670499334bc44df4bf3f) Importer(815301076,1909f56bfc062723c751e8b465ee728b)
Start importing Assets/Scripts/GameBall.cs using Guid(1ed807d3d0e1670499334bc44df4bf3f) Importer(815301076,1909f56bfc062723c751e8b465ee728b)  -> (artifact id: '9ff840aef08d431fb9e7d09e427fb732') in 0.003131 seconds
  Import took 0.005328 seconds .

========================================================================
Received Import Request.
  Time since last request: 36.249870 seconds.
  path: Assets/Prefabs/Sphere.prefab
  artifactKey: Guid(48e871d85f1cc174b83c8cef9be44826) Importer(815301076,1909f56bfc062723c751e8b465ee728b)
Start importing Assets/Prefabs/Sphere.prefab using Guid(48e871d85f1cc174b83c8cef9be44826) Importer(815301076,1909f56bfc062723c751e8b465ee728b)  -> (artifact id: 'ed88bd45100e9dfc7382420c032230e5') in 0.054283 seconds
  Import took 0.056727 seconds .

========================================================================
Received Import Request.
  Time since last request: 0.009793 seconds.
  path: Assets/Prefabs/Sphere.prefab
  artifactKey: Guid(48e871d85f1cc174b83c8cef9be44826) Importer(815301076,1909f56bfc062723c751e8b465ee728b)
Start importing Assets/Prefabs/Sphere.prefab using Guid(48e871d85f1cc174b83c8cef9be44826) Importer(815301076,1909f56bfc062723c751e8b465ee728b)  -> (artifact id: 'ed88bd45100e9dfc7382420c032230e5') in 0.018790 seconds
  Import took 0.020948 seconds .

AssetImportWorkerClient::OnTransportError - code=2 error=End of file
